<?xml version="1.0" encoding="UTF-8"?>
<testsuites name="jest tests" tests="63" failures="0" errors="0" time="6.611">
  <testsuite name="ListColumns" errors="0" failures="0" skipped="0" timestamp="2024-11-24T17:05:48" time="1.886" tests="1">
    <testcase classname="ListColumns renders a list of columns" name="ListColumns renders a list of columns" time="0.038">
    </testcase>
  </testsuite>
  <testsuite name="ListSchema" errors="0" failures="0" skipped="0" timestamp="2024-11-24T17:05:48" time="1.902" tests="1">
    <testcase classname="ListSchema renders a list of schemas" name="ListSchema renders a list of schemas" time="0.048">
    </testcase>
  </testsuite>
  <testsuite name="TableDetails" errors="0" failures="0" skipped="0" timestamp="2024-11-24T17:05:48" time="1.914" tests="1">
    <testcase classname="TableDetails renders table details correctly" name="TableDetails renders table details correctly" time="0.056">
    </testcase>
  </testsuite>
  <testsuite name="ListTables" errors="0" failures="0" skipped="0" timestamp="2024-11-24T17:05:48" time="1.922" tests="3">
    <testcase classname="ListTables renders a list of tables" name="ListTables renders a list of tables" time="0.048">
    </testcase>
    <testcase classname="ListTables calls onTableClick when a table row is clicked" name="ListTables calls onTableClick when a table row is clicked" time="0.007">
    </testcase>
    <testcase classname="ListTables changes row background color on mouse enter and leave" name="ListTables changes row background color on mouse enter and leave" time="0.022">
    </testcase>
  </testsuite>
  <testsuite name="SchemaDetails" errors="0" failures="0" skipped="0" timestamp="2024-11-24T17:05:48" time="1.931" tests="1">
    <testcase classname="SchemaDetails renders schema details correctly" name="SchemaDetails renders schema details correctly" time="0.07">
    </testcase>
  </testsuite>
  <testsuite name="CatalogDetails" errors="0" failures="0" skipped="0" timestamp="2024-11-24T17:05:48" time="1.955" tests="2">
    <testcase classname="CatalogDetails renders catalog details correctly" name="CatalogDetails renders catalog details correctly" time="0.083">
    </testcase>
    <testcase classname="CatalogDetails renders schemas correctly" name="CatalogDetails renders schemas correctly" time="0.012">
    </testcase>
  </testsuite>
  <testsuite name="useLoginWithToken" errors="0" failures="0" skipped="0" timestamp="2024-11-24T17:05:50" time="0.316" tests="1">
    <testcase classname="useLoginWithToken should successfully exchange token" name="useLoginWithToken should successfully exchange token" time="0.063">
    </testcase>
  </testsuite>
  <testsuite name="useListTables" errors="0" failures="0" skipped="0" timestamp="2024-11-24T17:05:50" time="0.31" tests="1">
    <testcase classname="useListTables fetches and returns tables" name="useListTables fetches and returns tables" time="0.068">
    </testcase>
  </testsuite>
  <testsuite name="CatalogTree" errors="0" failures="0" skipped="0" timestamp="2024-11-24T17:05:50" time="0.446" tests="8">
    <testcase classname="CatalogTree renders catalogs" name="CatalogTree renders catalogs" time="0.017">
    </testcase>
    <testcase classname="CatalogTree expands and collapses catalogs" name="CatalogTree expands and collapses catalogs" time="0.008">
    </testcase>
    <testcase classname="CatalogTree expands and collapses all" name="CatalogTree expands and collapses all" time="0.021">
    </testcase>
    <testcase classname="CatalogTree should toggle expand all nodes" name="CatalogTree should toggle expand all nodes" time="0.009">
    </testcase>
    <testcase classname="CatalogTree should toggle node expansion" name="CatalogTree should toggle node expansion" time="0.006">
    </testcase>
    <testcase classname="CatalogTree should render columns correctly" name="CatalogTree should render columns correctly" time="0.01">
    </testcase>
    <testcase classname="CatalogTree should render tables correctly" name="CatalogTree should render tables correctly" time="0.009">
    </testcase>
    <testcase classname="CatalogTree should render schemas correctly" name="CatalogTree should render schemas correctly" time="0.004">
    </testcase>
  </testsuite>
  <testsuite name="ExplorerPanel" errors="0" failures="0" skipped="0" timestamp="2024-11-24T17:05:51" time="0.278" tests="4">
    <testcase classname="ExplorerPanel renders message when no entity is selected" name="ExplorerPanel renders message when no entity is selected" time="0.003">
    </testcase>
    <testcase classname="ExplorerPanel renders catalog details correctly" name="ExplorerPanel renders catalog details correctly" time="0.001">
    </testcase>
    <testcase classname="ExplorerPanel renders schema details correctly" name="ExplorerPanel renders schema details correctly" time="0.001">
    </testcase>
    <testcase classname="ExplorerPanel renders table details correctly" name="ExplorerPanel renders table details correctly" time="0.001">
    </testcase>
  </testsuite>
  <testsuite name="useListCatalogs" errors="0" failures="0" skipped="0" timestamp="2024-11-24T17:05:51" time="0.325" tests="1">
    <testcase classname="useListCatalogs fetches and returns catalogs" name="useListCatalogs fetches and returns catalogs" time="0.056">
    </testcase>
  </testsuite>
  <testsuite name="ListCatalogs" errors="0" failures="0" skipped="0" timestamp="2024-11-24T17:05:50" time="0.684" tests="3">
    <testcase classname="ListCatalogs renders a list of catalogs" name="ListCatalogs renders a list of catalogs" time="0.008">
    </testcase>
    <testcase classname="ListCatalogs calls onCatalogClick when a catalog row is clicked" name="ListCatalogs calls onCatalogClick when a catalog row is clicked" time="0.006">
    </testcase>
    <testcase classname="ListCatalogs changes row background color on mouse enter and leave" name="ListCatalogs changes row background color on mouse enter and leave" time="0.021">
    </testcase>
  </testsuite>
  <testsuite name="insertEntityToNotebook" errors="0" failures="0" skipped="0" timestamp="2024-11-24T17:05:51" time="0.114" tests="5">
    <testcase classname="insertEntityToNotebook should insert the path into the current cell&apos;s editor" name="insertEntityToNotebook should insert the path into the current cell&apos;s editor" time="0">
    </testcase>
    <testcase classname="insertEntityToNotebook should log an error if there is no active notebook" name="insertEntityToNotebook should log an error if there is no active notebook" time="0">
    </testcase>
    <testcase classname="insertEntityToNotebook should log an error if there is no active cell" name="insertEntityToNotebook should log an error if there is no active cell" time="0">
    </testcase>
    <testcase classname="insertEntityToNotebook should log an error if there is no editor in the current cell" name="insertEntityToNotebook should log an error if there is no editor in the current cell" time="0.001">
    </testcase>
    <testcase classname="insertEntityToNotebook should log an error if replaceSelection method is not available on the editor" name="insertEntityToNotebook should log an error if replaceSelection method is not available on the editor" time="0">
    </testcase>
  </testsuite>
  <testsuite name="useListSchemas" errors="0" failures="0" skipped="0" timestamp="2024-11-24T17:05:51" time="0.321" tests="1">
    <testcase classname="useListSchemas fetches and returns Schemas" name="useListSchemas fetches and returns Schemas" time="0.068">
    </testcase>
  </testsuite>
  <testsuite name="requestAPI" errors="0" failures="0" skipped="0" timestamp="2024-11-24T17:05:51" time="0.142" tests="5">
    <testcase classname="requestAPI should make a successful request and return JSON data" name="requestAPI should make a successful request and return JSON data" time="0.001">
    </testcase>
    <testcase classname="requestAPI should handle non-JSON response" name="requestAPI should handle non-JSON response" time="0.003">
    </testcase>
    <testcase classname="requestAPI should handle empty response body" name="requestAPI should handle empty response body" time="0">
    </testcase>
    <testcase classname="requestAPI should throw a ResponseError for unsuccessful response" name="requestAPI should throw a ResponseError for unsuccessful response" time="0.002">
    </testcase>
    <testcase classname="requestAPI should throw a NetworkError for network issues" name="requestAPI should throw a NetworkError for network issues" time="0.001">
    </testcase>
  </testsuite>
  <testsuite name="ExplorerDetails" errors="0" failures="0" skipped="0" timestamp="2024-11-24T17:05:50" time="0.861" tests="3">
    <testcase classname="ExplorerDetails renders loading state initially" name="ExplorerDetails renders loading state initially" time="0.003">
    </testcase>
    <testcase classname="ExplorerDetails renders error state" name="ExplorerDetails renders error state" time="0.001">
    </testcase>
    <testcase classname="ExplorerDetails renders catalogs" name="ExplorerDetails renders catalogs" time="0.016">
    </testcase>
  </testsuite>
  <testsuite name="loadSettingEnv" errors="0" failures="0" skipped="0" timestamp="2024-11-24T17:05:51" time="0.248" tests="3">
    <testcase classname="loadSettingEnv should load settings and update them correctly" name="loadSettingEnv should load settings and update them correctly" time="0.008">
    </testcase>
    <testcase classname="loadSettingEnv should handle missing settings data" name="loadSettingEnv should handle missing settings data" time="0.001">
    </testcase>
    <testcase classname="loadSettingEnv should handle partial settings data" name="loadSettingEnv should handle partial settings data" time="0.001">
    </testcase>
  </testsuite>
  <testsuite name="getColumnIconClass" errors="0" failures="0" skipped="0" timestamp="2024-11-24T17:05:51" time="0.101" tests="7">
    <testcase classname="getColumnIconClass should return jp-icon-boolean for BOOLEAN and BINARY" name="getColumnIconClass should return jp-icon-boolean for BOOLEAN and BINARY" time="0">
    </testcase>
    <testcase classname="getColumnIconClass should return jp-icon-other for NULL, USER_DEFINED_TYPE, and TABLE_TYPE" name="getColumnIconClass should return jp-icon-other for NULL, USER_DEFINED_TYPE, and TABLE_TYPE" time="0">
    </testcase>
    <testcase classname="getColumnIconClass should return jp-icon-numeric for BYTE, SHORT, INT, LONG, FLOAT, DOUBLE, and DECIMAL" name="getColumnIconClass should return jp-icon-numeric for BYTE, SHORT, INT, LONG, FLOAT, DOUBLE, and DECIMAL" time="0.001">
    </testcase>
    <testcase classname="getColumnIconClass should return jp-icon-temporal for DATE, TIMESTAMP, TIMESTAMP_NTZ, and INTERVAL" name="getColumnIconClass should return jp-icon-temporal for DATE, TIMESTAMP, TIMESTAMP_NTZ, and INTERVAL" time="0">
    </testcase>
    <testcase classname="getColumnIconClass should return jp-icon-string for STRING and CHAR" name="getColumnIconClass should return jp-icon-string for STRING and CHAR" time="0">
    </testcase>
    <testcase classname="getColumnIconClass should return jp-icon-complex for ARRAY, STRUCT, and MAP" name="getColumnIconClass should return jp-icon-complex for ARRAY, STRUCT, and MAP" time="0">
    </testcase>
    <testcase classname="getColumnIconClass should return jp-icon-default for unknown types" name="getColumnIconClass should return jp-icon-default for unknown types" time="0">
    </testcase>
  </testsuite>
  <testsuite name="Main Component" errors="0" failures="0" skipped="0" timestamp="2024-11-24T17:05:50" time="1.393" tests="5">
    <testcase classname="Main Component should render the logo" name="Main Component should render the logo" time="0.023">
    </testcase>
    <testcase classname="Main Component should render children content" name="Main Component should render children content" time="0.002">
    </testcase>
    <testcase classname="Main Component should render logout button when authenticated" name="Main Component should render logout button when authenticated" time="0.03">
    </testcase>
    <testcase classname="Main Component should not render logout button when not authenticated" name="Main Component should not render logout button when not authenticated" time="0.002">
    </testcase>
    <testcase classname="Main Component should call onLogout when logout button is clicked" name="Main Component should call onLogout when logout button is clicked" time="0.009">
    </testcase>
  </testsuite>
  <testsuite name="CatalogExplorer" errors="0" failures="0" skipped="0" timestamp="2024-11-24T17:05:48" time="3.323" tests="3">
    <testcase classname="CatalogExplorer should create and open a widget for a catalog" name="CatalogExplorer should create and open a widget for a catalog" time="0.047">
    </testcase>
    <testcase classname="CatalogExplorer should create and open a widget for a schema" name="CatalogExplorer should create and open a widget for a schema" time="0.008">
    </testcase>
    <testcase classname="CatalogExplorer should create and open a widget for a table" name="CatalogExplorer should create and open a widget for a table" time="0.007">
    </testcase>
  </testsuite>
  <testsuite name="Menu Component" errors="0" failures="0" skipped="0" timestamp="2024-11-24T17:05:48" time="3.33" tests="1">
    <testcase classname="Menu Component should render the selection buttons" name="Menu Component should render the selection buttons" time="0.063">
    </testcase>
  </testsuite>
  <testsuite name="Junity extension" errors="0" failures="0" skipped="0" timestamp="2024-11-24T17:05:48" time="5.264" tests="3">
    <testcase classname="Junity extension Activates without crashing" name="Junity extension Activates without crashing" time="0.017">
    </testcase>
    <testcase classname="Junity extension Should use default settings if no env vars are set" name="Junity extension Should use default settings if no env vars are set" time="0.001">
    </testcase>
    <testcase classname="Junity extension Should update settings if env vars are set" name="Junity extension Should update settings if env vars are set" time="0.001">
    </testcase>
  </testsuite>
</testsuites>